app/build/intermediates/manifest_merge_blame_file/debug/manifest-merger-blame-debug-report.txt
1<?xml version="1.0" encoding="utf-8"?>
2<manifest xmlns:android="http://schemas.android.com/apk/res/android"
3    package="com.luongthuan.assginment"
4    android:versionCode="1"
5    android:versionName="1.0" >
6
7    <uses-sdk
8        android:minSdkVersion="16"
8-->src\main\AndroidManifest.xml
9        android:targetSdkVersion="30" />
9-->src\main\AndroidManifest.xml
10
11    <uses-permission android:name="android.permission.INTERNET" />
11-->src\main\AndroidManifest.xml:6:5-67
11-->src\main\AndroidManifest.xml:6:22-64
12    <uses-permission android:name="android.permission.ACCESS_NETWORK_STATE" />
12-->src\main\AndroidManifest.xml:7:5-78
12-->src\main\AndroidManifest.xml:7:22-76
13    <uses-permission android:name="android.permission.WRITE_EXTERNAL_STORAGE" />
13-->src\main\AndroidManifest.xml:8:5-97
13-->src\main\AndroidManifest.xml:8:22-78
14    <uses-permission android:name="android.permission.READ_PHONE_STATE" />
14-->src\main\AndroidManifest.xml:9:5-74
14-->src\main\AndroidManifest.xml:9:22-72
15    <uses-permission android:name="android.permission.SET_WALLPAPER" />
15-->src\main\AndroidManifest.xml:10:5-71
15-->src\main\AndroidManifest.xml:10:22-69
16    <uses-permission android:name="com.google.android.finsky.permission.BIND_GET_INSTALL_REFERRER_SERVICE" />
16-->[com.android.installreferrer:installreferrer:1.0] AndroidManifest.xml:9:5-110
16-->[com.android.installreferrer:installreferrer:1.0] AndroidManifest.xml:9:22-107
17
18    <application
18-->src\main\AndroidManifest.xml:12:5-36:19
19        android:allowBackup="true"
19-->src\main\AndroidManifest.xml:13:9-35
20        android:appComponentFactory="androidx.core.app.CoreComponentFactory"
20-->[androidx.core:core:1.1.0] AndroidManifest.xml:24:18-86
21        android:debuggable="true"
22        android:hardwareAccelerated="true"
22-->src\main\AndroidManifest.xml:14:9-43
23        android:icon="@mipmap/ic_launcher"
23-->src\main\AndroidManifest.xml:15:9-43
24        android:label="@string/app_name"
24-->src\main\AndroidManifest.xml:16:9-41
25        android:largeHeap="true"
25-->src\main\AndroidManifest.xml:17:9-33
26        android:roundIcon="@mipmap/ic_launcher_round"
26-->src\main\AndroidManifest.xml:18:9-54
27        android:supportsRtl="true"
27-->src\main\AndroidManifest.xml:19:9-35
28        android:testOnly="true"
29        android:theme="@style/AppTheme" >
29-->src\main\AndroidManifest.xml:20:9-40
30        <activity
30-->src\main\AndroidManifest.xml:21:9-22:57
31            android:name="com.hoadt.assginment.activity.PictureActivity"
31-->src\main\AndroidManifest.xml:21:19-79
32            android:theme="@style/AppTheme1" />
32-->src\main\AndroidManifest.xml:22:13-45
33        <activity android:name="com.hoadt.assginment.activity.PhotoGalleryActivity" />
33-->src\main\AndroidManifest.xml:23:9-87
33-->src\main\AndroidManifest.xml:23:19-84
34        <activity android:name="com.hoadt.assginment.activity.GalleriesActivity" />
34-->src\main\AndroidManifest.xml:24:9-25:78
34-->src\main\AndroidManifest.xml:25:13-75
35        <activity
35-->src\main\AndroidManifest.xml:26:9-33:20
36            android:name="com.hoadt.assginment.activity.MainActivity"
36-->src\main\AndroidManifest.xml:26:19-76
37            android:theme="@style/AppTheme1" >
37-->src\main\AndroidManifest.xml:27:13-45
38            <intent-filter>
38-->src\main\AndroidManifest.xml:28:13-32:29
39                <action android:name="android.intent.action.MAIN" />
39-->src\main\AndroidManifest.xml:29:17-69
39-->src\main\AndroidManifest.xml:29:25-66
40
41                <category android:name="android.intent.category.LAUNCHER" />
41-->src\main\AndroidManifest.xml:31:17-77
41-->src\main\AndroidManifest.xml:31:27-74
42            </intent-filter>
43        </activity>
44        <!-- //share ảnh fb -->
45        <meta-data
45-->src\main\AndroidManifest.xml:35:9-107
46            android:name="com.facebook.sdk.ApplicationId"
46-->src\main\AndroidManifest.xml:35:20-65
47            android:value="@string/facebook_app_id" />
47-->src\main\AndroidManifest.xml:35:66-105
48
49        <activity
49-->[com.facebook.android:facebook-common:5.15.3] AndroidManifest.xml:30:9-33:66
50            android:name="com.facebook.FacebookActivity"
50-->[com.facebook.android:facebook-common:5.15.3] AndroidManifest.xml:31:13-57
51            android:configChanges="keyboard|keyboardHidden|screenLayout|screenSize|orientation"
51-->[com.facebook.android:facebook-common:5.15.3] AndroidManifest.xml:32:13-96
52            android:theme="@style/com_facebook_activity_theme" />
52-->[com.facebook.android:facebook-common:5.15.3] AndroidManifest.xml:33:13-63
53        <activity android:name="com.facebook.CustomTabMainActivity" />
53-->[com.facebook.android:facebook-common:5.15.3] AndroidManifest.xml:34:9-71
53-->[com.facebook.android:facebook-common:5.15.3] AndroidManifest.xml:34:19-68
54        <activity
54-->[com.facebook.android:facebook-common:5.15.3] AndroidManifest.xml:35:9-49:20
55            android:name="com.facebook.CustomTabActivity"
55-->[com.facebook.android:facebook-common:5.15.3] AndroidManifest.xml:36:13-58
56            android:exported="true" >
56-->[com.facebook.android:facebook-common:5.15.3] AndroidManifest.xml:37:13-36
57            <intent-filter>
57-->[com.facebook.android:facebook-common:5.15.3] AndroidManifest.xml:39:13-48:29
58                <action android:name="android.intent.action.VIEW" />
58-->[com.facebook.android:facebook-common:5.15.3] AndroidManifest.xml:40:17-69
58-->[com.facebook.android:facebook-common:5.15.3] AndroidManifest.xml:40:25-66
59
60                <category android:name="android.intent.category.DEFAULT" />
60-->[com.facebook.android:facebook-common:5.15.3] AndroidManifest.xml:42:17-76
60-->[com.facebook.android:facebook-common:5.15.3] AndroidManifest.xml:42:27-73
61                <category android:name="android.intent.category.BROWSABLE" />
61-->[com.facebook.android:facebook-common:5.15.3] AndroidManifest.xml:43:17-78
61-->[com.facebook.android:facebook-common:5.15.3] AndroidManifest.xml:43:27-75
62
63                <data
63-->[com.facebook.android:facebook-common:5.15.3] AndroidManifest.xml:45:17-47:50
64                    android:host="cct.com.luongthuan.assginment"
64-->[com.facebook.android:facebook-common:5.15.3] AndroidManifest.xml:46:21-56
65                    android:scheme="fbconnect" />
65-->[com.facebook.android:facebook-common:5.15.3] AndroidManifest.xml:47:21-47
66            </intent-filter>
67        </activity>
68        <!--
69         The initialization ContentProvider will call FacebookSdk.sdkInitialize automatically
70         with the application context. This config is merged in with the host app's manifest,
71         but there can only be one provider with the same authority activated at any given
72         point; so if the end user has two or more different apps that use Facebook SDK, only the
73         first one will be able to use the provider. To work around this problem, we use the
74         following placeholder in the authority to identify each host application as if it was
75         a completely different provider.
76        -->
77        <provider
77-->[com.facebook.android:facebook-core:5.15.3] AndroidManifest.xml:39:9-42:40
78            android:name="com.facebook.internal.FacebookInitProvider"
78-->[com.facebook.android:facebook-core:5.15.3] AndroidManifest.xml:40:13-70
79            android:authorities="com.luongthuan.assginment.FacebookInitProvider"
79-->[com.facebook.android:facebook-core:5.15.3] AndroidManifest.xml:41:13-72
80            android:exported="false" />
80-->[com.facebook.android:facebook-core:5.15.3] AndroidManifest.xml:42:13-37
81
82        <receiver
82-->[com.facebook.android:facebook-core:5.15.3] AndroidManifest.xml:44:9-50:20
83            android:name="com.facebook.CurrentAccessTokenExpirationBroadcastReceiver"
83-->[com.facebook.android:facebook-core:5.15.3] AndroidManifest.xml:45:13-86
84            android:exported="false" >
84-->[com.facebook.android:facebook-core:5.15.3] AndroidManifest.xml:46:13-37
85            <intent-filter>
85-->[com.facebook.android:facebook-core:5.15.3] AndroidManifest.xml:47:13-49:29
86                <action android:name="com.facebook.sdk.ACTION_CURRENT_ACCESS_TOKEN_CHANGED" />
86-->[com.facebook.android:facebook-core:5.15.3] AndroidManifest.xml:48:17-95
86-->[com.facebook.android:facebook-core:5.15.3] AndroidManifest.xml:48:25-92
87            </intent-filter>
88        </receiver>
89    </application>
90
91</manifest>